06-04-2024 10:28:34:960 udp_client [INFO] : inici client
06-04-2024 10:28:34:966 udp_client [TRACE] : [1] Query for key k1 at localhost:5836
06-04-2024 10:28:34:966 udp_client [INFO] : inici RemoteMapUDPclient.get 
06-04-2024 10:28:34:966 udp_client [TRACE] : key: k1
06-04-2024 10:28:34:966 udp_client [TRACE] : server_address: localhost
06-04-2024 10:28:34:966 udp_client [TRACE] : server_port: 5836
06-04-2024 10:28:35:044 udp_client [TRACE] : [1] RemoteMap(k1): null
06-04-2024 10:28:35:045 udp_client [TRACE] : [2] Query for key k2 at localhost:5838
06-04-2024 10:28:35:045 udp_client [INFO] : inici RemoteMapUDPclient.get 
06-04-2024 10:28:35:045 udp_client [TRACE] : key: k2
06-04-2024 10:28:35:045 udp_client [TRACE] : server_address: localhost
06-04-2024 10:28:35:045 udp_client [TRACE] : server_port: 5838
06-04-2024 10:28:35:045 udp_client [TRACE] : [2] RemoteMap(k2): null
06-04-2024 10:28:35:045 udp_client [TRACE] : [3] Query for key k3 at localhost:5836
06-04-2024 10:28:35:045 udp_client [INFO] : inici RemoteMapUDPclient.get 
06-04-2024 10:28:35:045 udp_client [TRACE] : key: k3
06-04-2024 10:28:35:045 udp_client [TRACE] : server_address: localhost
06-04-2024 10:28:35:045 udp_client [TRACE] : server_port: 5836
06-04-2024 10:28:35:046 udp_client [TRACE] : [3] RemoteMap(k3): null
06-04-2024 10:28:35:046 udp_client [TRACE] : [4] Query for key k4 at localhost:5836
06-04-2024 10:28:35:046 udp_client [INFO] : inici RemoteMapUDPclient.get 
06-04-2024 10:28:35:046 udp_client [TRACE] : key: k4
06-04-2024 10:28:35:046 udp_client [TRACE] : server_address: localhost
06-04-2024 10:28:35:046 udp_client [TRACE] : server_port: 5836
06-04-2024 10:28:35:047 udp_client [TRACE] : [4] RemoteMap(k4): null
06-04-2024 10:28:35:047 udp_client [INFO] : map: {k1=null, k2=null, k3=null, k4=null}
