06-04-2024 18:37:35:235 udp_client [INFO] : inici client
06-04-2024 18:37:35:241 udp_client [TRACE] : [1] Query for key k1 at localhost:5836
06-04-2024 18:37:35:241 udp_client [INFO] : inici RemoteMapUDPclient.get 
06-04-2024 18:37:35:241 udp_client [TRACE] : key: k1
06-04-2024 18:37:35:241 udp_client [TRACE] : server_address: localhost
06-04-2024 18:37:35:241 udp_client [TRACE] : server_port: 5836
06-04-2024 18:37:35:332 udp_client [TRACE] : [1] RemoteMap(k1): aaa
06-04-2024 18:37:35:332 udp_client [TRACE] : [2] Query for key k2 at localhost:5838
06-04-2024 18:37:35:332 udp_client [INFO] : inici RemoteMapUDPclient.get 
06-04-2024 18:37:35:332 udp_client [TRACE] : key: k2
06-04-2024 18:37:35:332 udp_client [TRACE] : server_address: localhost
06-04-2024 18:37:35:332 udp_client [TRACE] : server_port: 5838
06-04-2024 18:37:35:334 udp_client [TRACE] : [2] RemoteMap(k2): aaa
06-04-2024 18:37:35:334 udp_client [TRACE] : [3] Query for key k3 at localhost:5836
06-04-2024 18:37:35:334 udp_client [INFO] : inici RemoteMapUDPclient.get 
06-04-2024 18:37:35:334 udp_client [TRACE] : key: k3
06-04-2024 18:37:35:334 udp_client [TRACE] : server_address: localhost
06-04-2024 18:37:35:334 udp_client [TRACE] : server_port: 5836
06-04-2024 18:37:35:335 udp_client [TRACE] : [3] RemoteMap(k3): aaa
06-04-2024 18:37:35:335 udp_client [TRACE] : [4] Query for key k4 at localhost:5836
06-04-2024 18:37:35:335 udp_client [INFO] : inici RemoteMapUDPclient.get 
06-04-2024 18:37:35:335 udp_client [TRACE] : key: k4
06-04-2024 18:37:35:335 udp_client [TRACE] : server_address: localhost
06-04-2024 18:37:35:335 udp_client [TRACE] : server_port: 5836
06-04-2024 18:37:35:336 udp_client [TRACE] : [4] RemoteMap(k4): aaa
06-04-2024 18:37:35:336 udp_client [INFO] : map: {k1=aaa, k2=aaa, k3=aaa, k4=aaa}
